<?xml version="1.0" encoding="UTF-8"?>
<!-- Generated by org.testng.reporters.JUnitReportReporter -->
<testsuite hostname="PRO-PF2C7EDB" failures="0" tests="1" name="basic.youtube" time="3.875" errors="0" timestamp="2024-07-29T10:09:15 IST" skipped="0">
  <testcase classname="basic.youtube" name="test" time="3.875"/>
</testsuite> <!-- basic.youtube -->
