<?xml version="1.0" encoding="UTF-8"?>
<!-- Generated by org.testng.reporters.JUnitReportReporter -->
<testsuite hostname="PRO-PF2C7EDB" failures="0" tests="1" name="basic.github" time="2.894" errors="0" timestamp="2024-07-29T10:09:15 IST" skipped="0">
  <testcase classname="basic.github" name="test" time="2.894"/>
</testsuite> <!-- basic.github -->
