<?xml version="1.0" encoding="UTF-8"?>
<!-- Generated by org.testng.reporters.JUnitReportReporter -->
<testsuite hostname="PRO-PF2C7EDB" failures="0" tests="1" name="basic.youtube" time="12.329" errors="0" timestamp="2024-07-28T15:23:22 IST" skipped="0">
  <testcase classname="basic.youtube" name="test" time="12.329"/>
</testsuite> <!-- basic.youtube -->
